<?xml version="1.0" encoding="UTF-8"?>
<!-- Generated by org.testng.reporters.JUnitReportReporter -->
<testsuite hostname="ASUS" failures="0" tests="6" name="parallel.ParallelRun" time="67.162" errors="0" timestamp="2024-09-10T19:09:05 IST" skipped="0">
  <testcase classname="parallel.ParallelRun" name="runScenario" time="11.440"/>
  <system-out/>
  <testcase classname="parallel.ParallelRun" name="runScenario" time="11.969"/>
  <system-out/>
  <testcase classname="parallel.ParallelRun" name="runScenario" time="9.929"/>
  <system-out/>
  <testcase classname="parallel.ParallelRun" name="runScenario" time="11.414"/>
  <system-out/>
  <testcase classname="parallel.ParallelRun" name="runScenario" time="12.032"/>
  <system-out/>
  <testcase classname="parallel.ParallelRun" name="runScenario" time="10.378"/>
  <system-out/>
</testsuite> <!-- parallel.ParallelRun -->
