<?xml version="1.0" encoding="UTF-8"?>
<!-- Generated by org.testng.reporters.JUnitReportReporter -->
<testsuite hostname="ASUS" failures="0" tests="6" name="parallel.ParallelRun" time="168.579" errors="0" timestamp="2024-09-10T19:28:08 IST" skipped="0">
  <testcase classname="parallel.ParallelRun" name="runScenario" time="25.172"/>
  <testcase classname="parallel.ParallelRun" name="runScenario" time="30.523"/>
  <testcase classname="parallel.ParallelRun" name="runScenario" time="28.316"/>
  <testcase classname="parallel.ParallelRun" name="runScenario" time="29.136"/>
  <testcase classname="parallel.ParallelRun" name="runScenario" time="27.112"/>
  <testcase classname="parallel.ParallelRun" name="runScenario" time="28.320"/>
</testsuite> <!-- parallel.ParallelRun -->
